
=== Wed Jul 21 18:41:34 2021

Packages were changed.
Update Mode: updateDependencies

The following packages were updated:
  com.unity.collab-proxy from version 1.3.9 to 1.5.7
  com.unity.ide.visualstudio from version 2.0.7 to 2.0.9
  com.unity.render-pipelines.universal from version 10.3.2 to 10.5.0
  com.unity.test-framework from version 1.1.24 to 1.1.27
  com.unity.textmeshpro from version 3.0.4 to 3.0.6
  com.unity.timeline from version 1.4.7 to 1.4.8
  com.unity.xr.oculus from version 1.8.1 to 1.9.1
  com.unity.xr.openxr from version 1.0.3 to 1.2.2

=== Mon Oct  4 17:14:57 2021

Packages were changed.
Update Mode: updateDependencies

The following packages were updated:
  com.unity.render-pipelines.universal from version 10.4.0 to 10.5.0

=== Fri Nov 12 14:39:38 2021

Packages were changed.
Update Mode: updateDependencies

The following packages were updated:
  com.unity.collab-proxy from version 1.5.7 to 1.11.2
  com.unity.render-pipelines.universal from version 10.5.0 to 10.6.0
  com.unity.xr.oculus from version 1.9.1 to 1.10.0
